<?xml version="1.0" encoding="UTF-8" ?>
<testsuites disabled="6" errors="0" failures="0" tests="15" time="23.819">
 <testsuite name="Nearpodnator Sanity Checks" timestamp="2018-08-01T15:40:12" hostname="localhost" time="23.819" errors="0" tests="15" skipped="0" disabled="6" failures="0">
  <testcase classname="Nearpodnator Sanity Checks" name="should verify a Plain Text can be compared against itself and recognized as the same plain text" time="8.972" />
  <testcase classname="Nearpodnator Sanity Checks" name="should verify that two Plain Texts are compared for difference and equality is recognized instead" time="1.218" />
  <testcase classname="Nearpodnator Sanity Checks" name="should verify that two data entities can be compared and recognized as different data entities" time="1.477" />
  <testcase classname="Nearpodnator Sanity Checks" name="should verify that two different data entities are compared for equality and their difference is recognized" time="2.406" />
  <testcase classname="Nearpodnator Sanity Checks" name="should verify if any given String contains another String" time="1.88" />
  <testcase classname="Nearpodnator Sanity Checks" name="should verify that Text is recognized as uncontained by another Text" time="1.755" />
  <testcase classname="Nearpodnator Sanity Checks" name="should verify that any given String is not contained by another String" time="2.174" />
  <testcase classname="Nearpodnator Sanity Checks" name="should verify that any given String is recognized as contained by another String" time="1.601" />
  <testcase classname="Nearpodnator Sanity Checks" name="should verify that a condition can be verified for True or False" time="2.33" />
  <testcase classname="Nearpodnator Sanity Checks" name="should verify that the user can obtain current Page&apos;s URL" time="0.002">
   <skipped />
  </testcase>
  <testcase classname="Nearpodnator Sanity Checks" name="should verify that the user can be sure about wheather she is in the expected Page" time="0">
   <skipped />
  </testcase>
  <testcase classname="Nearpodnator Sanity Checks" name="should verify that two Images are the same" time="0">
   <skipped />
  </testcase>
  <testcase classname="Nearpodnator Sanity Checks" name="should verify that one Image contains another Image" time="0">
   <skipped />
  </testcase>
  <testcase classname="Nearpodnator Sanity Checks" name="should verify that the current screen can be saved as an Image" time="0">
   <skipped />
  </testcase>
  <testcase classname="Nearpodnator Sanity Checks" name="should verify that part of the current screen can be saved as an Image" time="0">
   <skipped />
  </testcase>
 </testsuite>
</testsuites>